<?xml version="1.0" encoding="UTF-8"?><testrun name="TriangleTests" project="AssignmentOne" tests="11" started="11" failures="1" errors="0" ignored="0">
  <testsuite name="TriangleTests" time="0.002">
    <testcase name="test_true_determinType_eqilateral" classname="TriangleTests" time="0.0"/>
    <testcase name="test_true_determinType_Scalene1" classname="TriangleTests" time="0.0"/>
    <testcase name="test_true_determinType_Isosceles1" classname="TriangleTests" time="0.0"/>
    <testcase name="test_true_determinType_Isosceles2" classname="TriangleTests" time="0.0"/>
    <testcase name="test_true_determinType_Isosceles3" classname="TriangleTests" time="0.0"/>
    <testcase name="test_false_isTriangle" classname="TriangleTests" time="0.0"/>
    <testcase name="test_true_isTriangle" classname="TriangleTests" time="0.0"/>
    <testcase name="test_true_test1_area" classname="TriangleTests" time="0.0"/>
    <testcase name="test_true_test1_type" classname="TriangleTests" time="0.0"/>
    <testcase name="test_true_test2_area" classname="TriangleTests" time="0.002">
      <failure>java.lang.AssertionError: expected:&lt;3.897114317029974&gt; but was:&lt;9.0&gt;
	at org.junit.Assert.fail(Assert.java:88)
	at org.junit.Assert.failNotEquals(Assert.java:743)
	at org.junit.Assert.assertEquals(Assert.java:494)
	at org.junit.Assert.assertEquals(Assert.java:592)
	at TriangleTests.test_true_test2_area(TriangleTests.java:91)
	at sun.reflect.NativeMethodAccessorImpl.invoke0(Native Method)
	at sun.reflect.NativeMethodAccessorImpl.invoke(NativeMethodAccessorImpl.java:57)
	at sun.reflect.DelegatingMethodAccessorImpl.invoke(DelegatingMethodAccessorImpl.java:43)
	at java.lang.reflect.Method.invoke(Method.java:606)
	at org.junit.runners.model.FrameworkMethod$1.runReflectiveCall(FrameworkMethod.java:47)
	at org.junit.internal.runners.model.ReflectiveCallable.run(ReflectiveCallable.java:12)
	at org.junit.runners.model.FrameworkMethod.invokeExplosively(FrameworkMethod.java:44)
	at org.junit.internal.runners.statements.InvokeMethod.evaluate(InvokeMethod.java:17)
	at org.junit.runners.ParentRunner.runLeaf(ParentRunner.java:271)
	at org.junit.runners.BlockJUnit4ClassRunner.runChild(BlockJUnit4ClassRunner.java:70)
	at org.junit.runners.BlockJUnit4ClassRunner.runChild(BlockJUnit4ClassRunner.java:50)
	at org.junit.runners.ParentRunner$3.run(ParentRunner.java:238)
	at org.junit.runners.ParentRunner$1.schedule(ParentRunner.java:63)
	at org.junit.runners.ParentRunner.runChildren(ParentRunner.java:236)
	at org.junit.runners.ParentRunner.access$000(ParentRunner.java:53)
	at org.junit.runners.ParentRunner$2.evaluate(ParentRunner.java:229)
	at org.junit.runners.ParentRunner.run(ParentRunner.java:309)
	at org.eclipse.jdt.internal.junit4.runner.JUnit4TestReference.run(JUnit4TestReference.java:50)
	at org.eclipse.jdt.internal.junit.runner.TestExecution.run(TestExecution.java:38)
	at org.eclipse.jdt.internal.junit.runner.RemoteTestRunner.runTests(RemoteTestRunner.java:467)
	at org.eclipse.jdt.internal.junit.runner.RemoteTestRunner.runTests(RemoteTestRunner.java:683)
	at org.eclipse.jdt.internal.junit.runner.RemoteTestRunner.run(RemoteTestRunner.java:390)
	at org.eclipse.jdt.internal.junit.runner.RemoteTestRunner.main(RemoteTestRunner.java:197)

</failure>
    </testcase>
    <testcase name="test_true_test2_type" classname="TriangleTests" time="0.0"/>
  </testsuite>
</testrun>
